  Cherry.cpp
C:\Users\eleni\Downloads\GIT\cpp\CherryBombSol\CherryBomb\Cherry.h(11,29): warning C4099: 'graphics::Brush': type name first seen using 'struct' now seen using 'class'
C:\Users\eleni\Downloads\GIT\cpp\CherryBombSol\sgg\include\graphics.h(31): message : see declaration of 'graphics::Brush'
C:\Users\eleni\Downloads\GIT\cpp\CherryBombSol\CherryBomb\Cherry.cpp(73,21): warning C4244: '=': conversion from 'double' to 'float', possible loss of data
  Game.cpp
C:\Users\eleni\Downloads\GIT\cpp\CherryBombSol\CherryBomb\Cherry.h(11,29): warning C4099: 'graphics::Brush': type name first seen using 'struct' now seen using 'class'
C:\Users\eleni\Downloads\GIT\cpp\CherryBombSol\sgg\include\graphics.h(31): message : see declaration of 'graphics::Brush'
C:\Users\eleni\Downloads\GIT\cpp\CherryBombSol\CherryBomb\Game.cpp(158,13): warning C4244: 'initializing': conversion from 'int' to 'float', possible loss of data
C:\Users\eleni\Downloads\GIT\cpp\CherryBombSol\CherryBomb\Game.cpp(170,35): warning C4244: 'argument': conversion from 'int' to 'float', possible loss of data
C:\Users\eleni\Downloads\GIT\cpp\CherryBombSol\CherryBomb\Game.cpp(189,27): warning C4244: 'argument': conversion from 'int' to 'float', possible loss of data
  Main.cpp
C:\Users\eleni\Downloads\GIT\cpp\CherryBombSol\CherryBomb\Cherry.h(11,29): warning C4099: 'graphics::Brush': type name first seen using 'struct' now seen using 'class'
C:\Users\eleni\Downloads\GIT\cpp\CherryBombSol\sgg\include\graphics.h(31): message : see declaration of 'graphics::Brush'
  Object.cpp
C:\Users\eleni\Downloads\GIT\cpp\CherryBombSol\CherryBomb\Cherry.h(11,29): warning C4099: 'graphics::Brush': type name first seen using 'struct' now seen using 'class'
C:\Users\eleni\Downloads\GIT\cpp\CherryBombSol\sgg\include\graphics.h(31): message : see declaration of 'graphics::Brush'
  Player.cpp
C:\Users\eleni\Downloads\GIT\cpp\CherryBombSol\CherryBomb\Cherry.h(11,29): warning C4099: 'graphics::Brush': type name first seen using 'struct' now seen using 'class'
C:\Users\eleni\Downloads\GIT\cpp\CherryBombSol\sgg\include\graphics.h(31): message : see declaration of 'graphics::Brush'
  Shot.cpp
C:\Users\eleni\Downloads\GIT\cpp\CherryBombSol\CherryBomb\Cherry.h(11,29): warning C4099: 'graphics::Brush': type name first seen using 'struct' now seen using 'class'
C:\Users\eleni\Downloads\GIT\cpp\CherryBombSol\sgg\include\graphics.h(31): message : see declaration of 'graphics::Brush'
  Generating Code...
C:\Users\eleni\Downloads\GIT\cpp\CherryBombSol\CherryBomb\Player.cpp(114): warning C4715: 'Player::checkCollision': not all control paths return a value
C:\Users\eleni\Downloads\GIT\cpp\CherryBombSol\CherryBomb\Game.cpp(34): warning C4715: 'Game::checkCollision': not all control paths return a value
  CherryBomb.vcxproj -> C:\Users\eleni\Downloads\GIT\cpp\CherryBombSol\bin\CherryBomb_debug.exe
