c:\users\eleni\downloads\git\cpp\cherrybombsol\cherrybomb\x64\debug\vc142.pdb
c:\users\eleni\downloads\git\cpp\cherrybombsol\cherrybomb\x64\debug\vc142.idb
c:\users\eleni\downloads\git\cpp\cherrybombsol\cherrybomb\x64\debug\shot.obj
c:\users\eleni\downloads\git\cpp\cherrybombsol\cherrybomb\x64\debug\player.obj
c:\users\eleni\downloads\git\cpp\cherrybombsol\cherrybomb\x64\debug\object.obj
c:\users\eleni\downloads\git\cpp\cherrybombsol\cherrybomb\x64\debug\main.obj
c:\users\eleni\downloads\git\cpp\cherrybombsol\cherrybomb\x64\debug\fruit.obj
c:\users\eleni\downloads\git\cpp\cherrybombsol\cherrybomb\x64\debug\functions.obj
c:\users\eleni\downloads\git\cpp\cherrybombsol\cherrybomb\x64\debug\game.obj
c:\users\eleni\downloads\git\cpp\cherrybombsol\bin\cherrybomb_debug.exe
c:\users\eleni\downloads\git\cpp\cherrybombsol\bin\cherrybomb_debug.ilk
c:\users\eleni\downloads\git\cpp\cherrybombsol\bin\cherrybomb_debug.pdb
c:\users\nikim\desktop\c\cherrybombsol\cherrybomb\x64\debug\fruit.obj
c:\users\nikim\desktop\c\cherrybombsol\cherrybomb\x64\debug\functions.obj
c:\users\nikim\desktop\c\cherrybombsol\cherrybomb\x64\debug\game.obj
c:\users\nikim\desktop\c\cherrybombsol\cherrybomb\x64\debug\main.obj
c:\users\nikim\desktop\c\cherrybombsol\cherrybomb\x64\debug\object.obj
c:\users\nikim\desktop\c\cherrybombsol\cherrybomb\x64\debug\player.obj
c:\users\nikim\desktop\c\cherrybombsol\cherrybomb\x64\debug\shot.obj
c:\users\nikim\desktop\c\cherrybombsol\cherrybomb\x64\debug\vc142.idb
c:\users\nikim\desktop\c\cherrybombsol\cherrybomb\x64\debug\vc142.pdb
c:\users\nikim\desktop\c\cherrybombsol\bin\cherrybomb_debug.pdb
c:\users\nikim\desktop\c\cherrybombsol\bin\cherrybomb_debug.exe
c:\users\nikim\desktop\c\cherrybombsol\bin\cherrybomb_debug.ilk
c:\users\nikim\desktop\c\cherrybombsol\cherrybomb\x64\debug\cherrybomb.tlog\cl.command.1.tlog
c:\users\nikim\desktop\c\cherrybombsol\cherrybomb\x64\debug\cherrybomb.tlog\cl.read.1.tlog
c:\users\nikim\desktop\c\cherrybombsol\cherrybomb\x64\debug\cherrybomb.tlog\cl.write.1.tlog
c:\users\nikim\desktop\c\cherrybombsol\cherrybomb\x64\debug\cherrybomb.tlog\link.command.1.tlog
c:\users\nikim\desktop\c\cherrybombsol\cherrybomb\x64\debug\cherrybomb.tlog\link.read.1.tlog
c:\users\nikim\desktop\c\cherrybombsol\cherrybomb\x64\debug\cherrybomb.tlog\link.write.1.tlog
